<?xml version="1.0" encoding="UTF-8"?>
<!-- Generated by org.testng.reporters.JUnitXMLReporter -->
<testsuite ignored="0" hostname="sangameshs-MacBook-Air.local" failures="5" tests="5" name="smoke" time="0.023" errors="0" timestamp="2025-11-16T10:40:56 IST">
  <testcase classname="test.InputPractice" name="prcticeInputFields" time="0.004">
    <failure type="java.lang.NullPointerException" message="Cannot invoke &amp;quot;org.openqa.selenium.WebDriver.findElement(org.openqa.selenium.By)&amp;quot; because the return value of &amp;quot;test.InputPractice.driver()&amp;quot; is null">
      <![CDATA[java.lang.NullPointerException: Cannot invoke "org.openqa.selenium.WebDriver.findElement(org.openqa.selenium.By)" because the return value of "test.InputPractice.driver()" is null
at test.InputPractice.prcticeInputFields(InputPractice.java:48)
at java.base/java.util.ArrayList.forEach(ArrayList.java:1596)
... Removed 25 stack frames]]>
    </failure>
  </testcase> <!-- prcticeInputFields -->
  <testcase classname="test.InputPractice" name="practicebuttons" time="0.001">
    <failure type="java.lang.NullPointerException" message="Cannot invoke &amp;quot;org.openqa.selenium.WebDriver.findElement(org.openqa.selenium.By)&amp;quot; because the return value of &amp;quot;test.InputPractice.driver()&amp;quot; is null">
      <![CDATA[java.lang.NullPointerException: Cannot invoke "org.openqa.selenium.WebDriver.findElement(org.openqa.selenium.By)" because the return value of "test.InputPractice.driver()" is null
at test.InputPractice.practicebuttons(InputPractice.java:62)
at java.base/java.util.ArrayList.forEach(ArrayList.java:1596)
... Removed 25 stack frames]]>
    </failure>
  </testcase> <!-- practicebuttons -->
  <testcase classname="test.InputPractice" name="practiceAlerts" time="0.0">
    <failure type="java.lang.NullPointerException" message="Cannot invoke &amp;quot;org.openqa.selenium.WebDriver.findElement(org.openqa.selenium.By)&amp;quot; because the return value of &amp;quot;test.InputPractice.driver()&amp;quot; is null">
      <![CDATA[java.lang.NullPointerException: Cannot invoke "org.openqa.selenium.WebDriver.findElement(org.openqa.selenium.By)" because the return value of "test.InputPractice.driver()" is null
at test.InputPractice.practiceAlerts(InputPractice.java:80)
at java.base/java.util.ArrayList.forEach(ArrayList.java:1596)
... Removed 25 stack frames]]>
    </failure>
  </testcase> <!-- practiceAlerts -->
  <testcase classname="test.InputPractice" name="practiceFrames" time="0.001">
    <failure type="java.lang.NullPointerException" message="Cannot invoke &amp;quot;org.openqa.selenium.WebDriver.findElement(org.openqa.selenium.By)&amp;quot; because the return value of &amp;quot;test.InputPractice.driver()&amp;quot; is null">
      <![CDATA[java.lang.NullPointerException: Cannot invoke "org.openqa.selenium.WebDriver.findElement(org.openqa.selenium.By)" because the return value of "test.InputPractice.driver()" is null
at test.InputPractice.practiceFrames(InputPractice.java:102)
at java.base/java.util.ArrayList.forEach(ArrayList.java:1596)
... Removed 25 stack frames]]>
    </failure>
  </testcase> <!-- practiceFrames -->
  <testcase classname="test.InputPractice" name="practiceRadioButtons" time="0.0">
    <failure type="java.lang.NullPointerException" message="Cannot invoke &amp;quot;org.openqa.selenium.WebDriver.findElement(org.openqa.selenium.By)&amp;quot; because the return value of &amp;quot;test.InputPractice.driver()&amp;quot; is null">
      <![CDATA[java.lang.NullPointerException: Cannot invoke "org.openqa.selenium.WebDriver.findElement(org.openqa.selenium.By)" because the return value of "test.InputPractice.driver()" is null
at test.InputPractice.practiceRadioButtons(InputPractice.java:117)
at java.base/java.util.ArrayList.forEach(ArrayList.java:1596)
... Removed 25 stack frames]]>
    </failure>
  </testcase> <!-- practiceRadioButtons -->
</testsuite> <!-- smoke -->
