<?xml version="1.0" encoding="UTF-8"?>
<testng-results ignored="0" total="1" passed="1" failed="0" skipped="0">
  <reporter-output>
  </reporter-output>
  <suite started-at="2025-11-15T16:43:56 IST" name="Default suite" finished-at="2025-11-15T16:44:02 IST" duration-ms="6818">
    <groups>
    </groups>
    <test started-at="2025-11-15T16:43:56 IST" name="Default test" finished-at="2025-11-15T16:44:02 IST" duration-ms="6818">
      <class name="test.InputPractice">
        <test-method signature="prcticeInputFields()[pri:0, instance:test.InputPractice@79924b]" started-at="2025-11-15T16:43:56 IST" name="prcticeInputFields" finished-at="2025-11-15T16:44:02 IST" duration-ms="6805" status="PASS">
          <reporter-output>
          </reporter-output>
        </test-method> <!-- prcticeInputFields -->
      </class> <!-- test.InputPractice -->
    </test> <!-- Default test -->
  </suite> <!-- Default suite -->
</testng-results>
